2019-03-29 14:12:32.025  INFO 18040 --- [main] trationDelegate$BeanPostProcessorChecker : Bean 'org.springframework.cloud.autoconfigure.ConfigurationPropertiesRebinderAutoConfiguration' of type [org.springframework.cloud.autoconfigure.ConfigurationPropertiesRebinderAutoConfiguration$$EnhancerBySpringCGLIB$$dbc11178] is not eligible for getting processed by all BeanPostProcessors (for example: not eligible for auto-proxying)
2019-03-29 14:12:32.600  INFO 18040 --- [main] config.ConfigApplication                 : No active profile set, falling back to default profiles: default
2019-03-29 14:12:33.433  INFO 18040 --- [main] .t.r.TransactionDAORegistryPostProcessor : registry interface com.riozenc.titanTool.annotation.TransactionDAO
2019-03-29 14:12:33.563  INFO 18040 --- [main] .TransactionServiceRegistryPostProcessor : registry interface com.riozenc.titanTool.annotation.TransactionService
2019-03-29 14:12:33.567  INFO 18040 --- [main] o.s.c.a.ConfigurationClassPostProcessor  : Cannot enhance @Configuration bean definition 'transactionDAOSupport' since its singleton instance has been created too early. The typical cause is a non-static @Bean method with a BeanDefinitionRegistryPostProcessor return type: Consider declaring such methods as 'static'.
2019-03-29 14:12:33.568  INFO 18040 --- [main] o.s.c.a.ConfigurationClassPostProcessor  : Cannot enhance @Configuration bean definition 'transactionServiceSupport' since its singleton instance has been created too early. The typical cause is a non-static @Bean method with a BeanDefinitionRegistryPostProcessor return type: Consider declaring such methods as 'static'.
2019-03-29 14:12:33.729  INFO 18040 --- [main] o.s.cloud.context.scope.GenericScope     : BeanFactory id=d9ba98af-f8fa-3de1-ad23-abed9b2c27a2
2019-03-29 14:12:33.978  INFO 18040 --- [main] trationDelegate$BeanPostProcessorChecker : Bean 'org.springframework.cloud.autoconfigure.ConfigurationPropertiesRebinderAutoConfiguration' of type [org.springframework.cloud.autoconfigure.ConfigurationPropertiesRebinderAutoConfiguration$$EnhancerBySpringCGLIB$$dbc11178] is not eligible for getting processed by all BeanPostProcessors (for example: not eligible for auto-proxying)
2019-03-29 14:12:34.933  INFO 18040 --- [main] o.s.b.w.embedded.tomcat.TomcatWebServer  : Tomcat initialized with port(s): 11111 (http)
2019-03-29 14:12:34.969  INFO 18040 --- [main] o.apache.catalina.core.StandardService   : Starting service [Tomcat]
2019-03-29 14:12:34.970  INFO 18040 --- [main] org.apache.catalina.core.StandardEngine  : Starting Servlet engine: [Apache Tomcat/9.0.16]
2019-03-29 14:12:34.985  INFO 18040 --- [main] o.a.catalina.core.AprLifecycleListener   : The APR based Apache Tomcat Native library which allows optimal performance in production environments was not found on the java.library.path: [C:\Program Files\Java\jdk1.8.0_201\bin;C:\WINDOWS\Sun\Java\bin;C:\WINDOWS\system32;C:\WINDOWS;C:/Program Files/Java/jre1.8.0_201/bin/server;C:/Program Files/Java/jre1.8.0_201/bin;C:/Program Files/Java/jre1.8.0_201/lib/amd64;C:\Program Files (x86)\Common Files\Oracle\Java\javapath;C:\WINDOWS\system32;C:\WINDOWS;C:\WINDOWS\System32\Wbem;C:\WINDOWS\System32\WindowsPowerShell\v1.0\;C:\WINDOWS\System32\OpenSSH\;C:\Users\czy\AppData\Local\Microsoft\WindowsApps;;C:\Users\czy\Desktop;;.]
2019-03-29 14:12:35.501  INFO 18040 --- [main] o.a.c.c.C.[.[localhost].[/titan-config]  : Initializing Spring embedded WebApplicationContext
2019-03-29 14:12:35.502  INFO 18040 --- [main] o.s.web.context.ContextLoader            : Root WebApplicationContext: initialization completed in 2876 ms
2019-03-29 14:12:36.393  INFO 18040 --- [main] com.alibaba.druid.pool.DruidDataSource   : {dataSource-1} inited
2019-03-29 14:12:36.405  INFO 18040 --- [main] c.r.t.d.pool.DataSourcePoolFactory       : master 数据库创建成功...
2019-03-29 14:12:36.425  INFO 18040 --- [main] c.n.c.sources.URLConfigurationSource     : URLs to be used as dynamic configuration source: [file:/C:/Users/czy/git/titan/config/target/classes/config.properties]
2019-03-29 14:12:36.442  INFO 18040 --- [main] c.n.c.sources.URLConfigurationSource     : URLs to be used as dynamic configuration source: [file:/C:/Users/czy/git/titan/config/target/classes/config.properties]
2019-03-29 14:12:36.868  INFO 18040 --- [main] o.s.s.concurrent.ThreadPoolTaskExecutor  : Initializing ExecutorService 'applicationTaskExecutor'
2019-03-29 14:12:38.672  INFO 18040 --- [main] o.s.c.n.eureka.InstanceInfoFactory       : Setting initial instance status as: STARTING
2019-03-29 14:12:38.718  INFO 18040 --- [main] com.netflix.discovery.DiscoveryClient    : Initializing Eureka in region us-east-1
2019-03-29 14:12:39.213  INFO 18040 --- [main] c.n.d.provider.DiscoveryJerseyProvider   : Using JSON encoding codec LegacyJacksonJson
2019-03-29 14:12:39.213  INFO 18040 --- [main] c.n.d.provider.DiscoveryJerseyProvider   : Using JSON decoding codec LegacyJacksonJson
2019-03-29 14:12:39.380  INFO 18040 --- [main] c.n.d.provider.DiscoveryJerseyProvider   : Using XML encoding codec XStreamXml
2019-03-29 14:12:39.380  INFO 18040 --- [main] c.n.d.provider.DiscoveryJerseyProvider   : Using XML decoding codec XStreamXml
2019-03-29 14:12:39.752  INFO 18040 --- [main] c.n.d.s.r.aws.ConfigClusterResolver      : Resolving eureka endpoints via configuration
2019-03-29 14:12:40.013  INFO 18040 --- [main] com.netflix.discovery.DiscoveryClient    : Disable delta property : false
2019-03-29 14:12:40.014  INFO 18040 --- [main] com.netflix.discovery.DiscoveryClient    : Single vip registry refresh property : null
2019-03-29 14:12:40.015  INFO 18040 --- [main] com.netflix.discovery.DiscoveryClient    : Force full registry fetch : false
2019-03-29 14:12:40.016  INFO 18040 --- [main] com.netflix.discovery.DiscoveryClient    : Application is null : false
2019-03-29 14:12:40.016  INFO 18040 --- [main] com.netflix.discovery.DiscoveryClient    : Registered Applications size is zero : true
2019-03-29 14:12:40.016  INFO 18040 --- [main] com.netflix.discovery.DiscoveryClient    : Application version is -1: true
2019-03-29 14:12:40.016  INFO 18040 --- [main] com.netflix.discovery.DiscoveryClient    : Getting all instance registry info from the eureka server
2019-03-29 14:12:40.223  INFO 18040 --- [main] com.netflix.discovery.DiscoveryClient    : The response status is 200
2019-03-29 14:12:40.229  INFO 18040 --- [main] com.netflix.discovery.DiscoveryClient    : Starting heartbeat executor: renew interval is: 30
2019-03-29 14:12:40.232  INFO 18040 --- [main] c.n.discovery.InstanceInfoReplicator     : InstanceInfoReplicator onDemand update allowed rate per min is 4
2019-03-29 14:12:40.236  INFO 18040 --- [main] com.netflix.discovery.DiscoveryClient    : Discovery Client initialized at timestamp 1553839960235 with initial instances count: 5
2019-03-29 14:12:40.238  INFO 18040 --- [main] o.s.c.n.e.s.EurekaServiceRegistry        : Registering application CONFIG with eureka with status UP
2019-03-29 14:12:40.239  INFO 18040 --- [main] com.netflix.discovery.DiscoveryClient    : Saw local status change event StatusChangeEvent [timestamp=1553839960239, current=UP, previous=STARTING]
2019-03-29 14:12:40.249  INFO 18040 --- [DiscoveryClient-InstanceInfoReplicator-0] com.netflix.discovery.DiscoveryClient    : DiscoveryClient_CONFIG/DESKTOP-9LNOG4H:config:11111: registering service...
2019-03-29 14:12:40.539  INFO 18040 --- [main] o.s.b.w.embedded.tomcat.TomcatWebServer  : Tomcat started on port(s): 11111 (http) with context path '/titan-config'
2019-03-29 14:12:40.540  INFO 18040 --- [main] .s.c.n.e.s.EurekaAutoServiceRegistration : Updating port to 11111
2019-03-29 14:12:40.542  INFO 18040 --- [DiscoveryClient-InstanceInfoReplicator-0] com.netflix.discovery.DiscoveryClient    : DiscoveryClient_CONFIG/DESKTOP-9LNOG4H:config:11111 - registration status: 204
2019-03-29 14:12:40.543  INFO 18040 --- [main] config.ConfigApplication                 : Started ConfigApplication in 10.197 seconds (JVM running for 10.755)
2019-03-29 14:16:32.885  INFO 18040 --- [http-nio-11111-exec-9] o.a.c.c.C.[.[localhost].[/titan-config]  : Initializing Spring DispatcherServlet 'dispatcherServlet'
2019-03-29 14:16:32.886  INFO 18040 --- [http-nio-11111-exec-9] o.s.web.servlet.DispatcherServlet        : Initializing Servlet 'dispatcherServlet'
2019-03-29 14:16:32.898  INFO 18040 --- [http-nio-11111-exec-9] o.s.web.servlet.DispatcherServlet        : Completed initialization in 12 ms
2019-03-29 14:16:32.973  INFO 18040 --- [http-nio-11111-exec-9] .t.s.t.p.TransactionServiceProxyFactory2 : findByWhere is select method,no transaction
2019-03-29 14:16:32.992  INFO 18040 --- [http-nio-11111-exec-9] c.r.t.s.webapp.dao.AbstractDAOSupport    : [http-nio-11111-exec-9]获取SqlSession(com.alibaba.druid.proxy.jdbc.ConnectionProxyImpl@1a6cf771)用时:0
2019-03-29 14:16:32.997  INFO 18040 --- [http-nio-11111-exec-9] .t.s.t.p.TransactionServiceProxyFactory2 : org.apache.ibatis.session.defaults.DefaultSqlSession@2f802a50rollback...
2019-03-29 14:16:32.998 ERROR 18040 --- [http-nio-11111-exec-9] .t.s.t.p.TransactionServiceProxyFactory2 : java.lang.reflect.InvocationTargetException
2019-03-29 14:16:33.008 ERROR 18040 --- [http-nio-11111-exec-9] o.a.c.c.C.[.[.[.[dispatcherServlet]      : Servlet.service() for servlet [dispatcherServlet] in context with path [/titan-config] threw exception [Request processing failed; nested exception is java.lang.reflect.InvocationTargetException] with root cause

java.lang.IllegalArgumentException: Mapped Statements collection does not contain value for config.webapp.dao.CommonParamDAO.findByWhere
	at org.apache.ibatis.session.Configuration$StrictMap.get(Configuration.java:933) ~[mybatis-3.5.0.jar:3.5.0]
	at org.apache.ibatis.session.Configuration.getMappedStatement(Configuration.java:726) ~[mybatis-3.5.0.jar:3.5.0]
	at org.apache.ibatis.session.Configuration.getMappedStatement(Configuration.java:719) ~[mybatis-3.5.0.jar:3.5.0]
	at org.apache.ibatis.session.defaults.DefaultSqlSession.selectList(DefaultSqlSession.java:147) ~[mybatis-3.5.0.jar:3.5.0]
	at org.apache.ibatis.session.defaults.DefaultSqlSession.selectList(DefaultSqlSession.java:141) ~[mybatis-3.5.0.jar:3.5.0]
	at com.riozenc.titanTool.mybatis.persistence.PersistanceManager.find(PersistanceManager.java:81) ~[classes/:na]
	at config.webapp.dao.CommonParamDAO.findByWhere(CommonParamDAO.java:42) ~[classes/:na]
	at config.webapp.service.impl.CommonParamServiceImpl.findByWhere(CommonParamServiceImpl.java:44) ~[classes/:na]
	at config.webapp.service.impl.CommonParamServiceImpl.findByWhere(CommonParamServiceImpl.java:12) ~[classes/:na]
	at sun.reflect.NativeMethodAccessorImpl.invoke0(Native Method) ~[na:1.8.0_201]
	at sun.reflect.NativeMethodAccessorImpl.invoke(NativeMethodAccessorImpl.java:62) ~[na:1.8.0_201]
	at sun.reflect.DelegatingMethodAccessorImpl.invoke(DelegatingMethodAccessorImpl.java:43) ~[na:1.8.0_201]
	at java.lang.reflect.Method.invoke(Method.java:498) ~[na:1.8.0_201]
	at com.riozenc.titanTool.spring.transaction.proxy.TransactionServiceProxyFactory2.intercept(TransactionServiceProxyFactory2.java:79) ~[classes/:na]
	at config.webapp.service.impl.CommonParamServiceImpl$$EnhancerByCGLIB$$ce01552c.findByWhere(<generated>) ~[classes/:na]
	at config.webapp.action.ConfigAction.getCommonParam(ConfigAction.java:25) ~[classes/:na]
	at sun.reflect.NativeMethodAccessorImpl.invoke0(Native Method) ~[na:1.8.0_201]
	at sun.reflect.NativeMethodAccessorImpl.invoke(NativeMethodAccessorImpl.java:62) ~[na:1.8.0_201]
	at sun.reflect.DelegatingMethodAccessorImpl.invoke(DelegatingMethodAccessorImpl.java:43) ~[na:1.8.0_201]
	at java.lang.reflect.Method.invoke(Method.java:498) ~[na:1.8.0_201]
	at org.springframework.web.method.support.InvocableHandlerMethod.doInvoke(InvocableHandlerMethod.java:189) ~[spring-web-5.1.5.RELEASE.jar:5.1.5.RELEASE]
	at org.springframework.web.method.support.InvocableHandlerMethod.invokeForRequest(InvocableHandlerMethod.java:138) ~[spring-web-5.1.5.RELEASE.jar:5.1.5.RELEASE]
	at org.springframework.web.servlet.mvc.method.annotation.ServletInvocableHandlerMethod.invokeAndHandle(ServletInvocableHandlerMethod.java:102) ~[spring-webmvc-5.1.5.RELEASE.jar:5.1.5.RELEASE]
	at org.springframework.web.servlet.mvc.method.annotation.RequestMappingHandlerAdapter.invokeHandlerMethod(RequestMappingHandlerAdapter.java:895) ~[spring-webmvc-5.1.5.RELEASE.jar:5.1.5.RELEASE]
	at org.springframework.web.servlet.mvc.method.annotation.RequestMappingHandlerAdapter.handleInternal(RequestMappingHandlerAdapter.java:800) ~[spring-webmvc-5.1.5.RELEASE.jar:5.1.5.RELEASE]
	at org.springframework.web.servlet.mvc.method.AbstractHandlerMethodAdapter.handle(AbstractHandlerMethodAdapter.java:87) ~[spring-webmvc-5.1.5.RELEASE.jar:5.1.5.RELEASE]
	at org.springframework.web.servlet.DispatcherServlet.doDispatch(DispatcherServlet.java:1038) ~[spring-webmvc-5.1.5.RELEASE.jar:5.1.5.RELEASE]
	at org.springframework.web.servlet.DispatcherServlet.doService(DispatcherServlet.java:942) ~[spring-webmvc-5.1.5.RELEASE.jar:5.1.5.RELEASE]
	at org.springframework.web.servlet.FrameworkServlet.processRequest(FrameworkServlet.java:1005) ~[spring-webmvc-5.1.5.RELEASE.jar:5.1.5.RELEASE]
	at org.springframework.web.servlet.FrameworkServlet.doGet(FrameworkServlet.java:897) ~[spring-webmvc-5.1.5.RELEASE.jar:5.1.5.RELEASE]
	at javax.servlet.http.HttpServlet.service(HttpServlet.java:634) ~[tomcat-embed-core-9.0.16.jar:9.0.16]
	at org.springframework.web.servlet.FrameworkServlet.service(FrameworkServlet.java:882) ~[spring-webmvc-5.1.5.RELEASE.jar:5.1.5.RELEASE]
	at javax.servlet.http.HttpServlet.service(HttpServlet.java:741) ~[tomcat-embed-core-9.0.16.jar:9.0.16]
	at org.apache.catalina.core.ApplicationFilterChain.internalDoFilter(ApplicationFilterChain.java:231) ~[tomcat-embed-core-9.0.16.jar:9.0.16]
	at org.apache.catalina.core.ApplicationFilterChain.doFilter(ApplicationFilterChain.java:166) ~[tomcat-embed-core-9.0.16.jar:9.0.16]
	at org.apache.tomcat.websocket.server.WsFilter.doFilter(WsFilter.java:53) ~[tomcat-embed-websocket-9.0.16.jar:9.0.16]
	at org.apache.catalina.core.ApplicationFilterChain.internalDoFilter(ApplicationFilterChain.java:193) ~[tomcat-embed-core-9.0.16.jar:9.0.16]
	at org.apache.catalina.core.ApplicationFilterChain.doFilter(ApplicationFilterChain.java:166) ~[tomcat-embed-core-9.0.16.jar:9.0.16]
	at org.springframework.web.filter.RequestContextFilter.doFilterInternal(RequestContextFilter.java:99) ~[spring-web-5.1.5.RELEASE.jar:5.1.5.RELEASE]
	at org.springframework.web.filter.OncePerRequestFilter.doFilter(OncePerRequestFilter.java:107) ~[spring-web-5.1.5.RELEASE.jar:5.1.5.RELEASE]
	at org.apache.catalina.core.ApplicationFilterChain.internalDoFilter(ApplicationFilterChain.java:193) ~[tomcat-embed-core-9.0.16.jar:9.0.16]
	at org.apache.catalina.core.ApplicationFilterChain.doFilter(ApplicationFilterChain.java:166) ~[tomcat-embed-core-9.0.16.jar:9.0.16]
	at org.springframework.web.filter.FormContentFilter.doFilterInternal(FormContentFilter.java:92) ~[spring-web-5.1.5.RELEASE.jar:5.1.5.RELEASE]
	at org.springframework.web.filter.OncePerRequestFilter.doFilter(OncePerRequestFilter.java:107) ~[spring-web-5.1.5.RELEASE.jar:5.1.5.RELEASE]
	at org.apache.catalina.core.ApplicationFilterChain.internalDoFilter(ApplicationFilterChain.java:193) ~[tomcat-embed-core-9.0.16.jar:9.0.16]
	at org.apache.catalina.core.ApplicationFilterChain.doFilter(ApplicationFilterChain.java:166) ~[tomcat-embed-core-9.0.16.jar:9.0.16]
	at org.springframework.web.filter.HiddenHttpMethodFilter.doFilterInternal(HiddenHttpMethodFilter.java:93) ~[spring-web-5.1.5.RELEASE.jar:5.1.5.RELEASE]
	at org.springframework.web.filter.OncePerRequestFilter.doFilter(OncePerRequestFilter.java:107) ~[spring-web-5.1.5.RELEASE.jar:5.1.5.RELEASE]
	at org.apache.catalina.core.ApplicationFilterChain.internalDoFilter(ApplicationFilterChain.java:193) ~[tomcat-embed-core-9.0.16.jar:9.0.16]
	at org.apache.catalina.core.ApplicationFilterChain.doFilter(ApplicationFilterChain.java:166) ~[tomcat-embed-core-9.0.16.jar:9.0.16]
	at org.springframework.web.filter.CharacterEncodingFilter.doFilterInternal(CharacterEncodingFilter.java:200) ~[spring-web-5.1.5.RELEASE.jar:5.1.5.RELEASE]
	at org.springframework.web.filter.OncePerRequestFilter.doFilter(OncePerRequestFilter.java:107) ~[spring-web-5.1.5.RELEASE.jar:5.1.5.RELEASE]
	at org.apache.catalina.core.ApplicationFilterChain.internalDoFilter(ApplicationFilterChain.java:193) ~[tomcat-embed-core-9.0.16.jar:9.0.16]
	at org.apache.catalina.core.ApplicationFilterChain.doFilter(ApplicationFilterChain.java:166) ~[tomcat-embed-core-9.0.16.jar:9.0.16]
	at org.apache.catalina.core.StandardWrapperValve.invoke(StandardWrapperValve.java:200) ~[tomcat-embed-core-9.0.16.jar:9.0.16]
	at org.apache.catalina.core.StandardContextValve.invoke(StandardContextValve.java:96) [tomcat-embed-core-9.0.16.jar:9.0.16]
	at org.apache.catalina.authenticator.AuthenticatorBase.invoke(AuthenticatorBase.java:490) [tomcat-embed-core-9.0.16.jar:9.0.16]
	at org.apache.catalina.core.StandardHostValve.invoke(StandardHostValve.java:139) [tomcat-embed-core-9.0.16.jar:9.0.16]
	at org.apache.catalina.valves.ErrorReportValve.invoke(ErrorReportValve.java:92) [tomcat-embed-core-9.0.16.jar:9.0.16]
	at org.apache.catalina.core.StandardEngineValve.invoke(StandardEngineValve.java:74) [tomcat-embed-core-9.0.16.jar:9.0.16]
	at org.apache.catalina.connector.CoyoteAdapter.service(CoyoteAdapter.java:343) [tomcat-embed-core-9.0.16.jar:9.0.16]
	at org.apache.coyote.http11.Http11Processor.service(Http11Processor.java:408) [tomcat-embed-core-9.0.16.jar:9.0.16]
	at org.apache.coyote.AbstractProcessorLight.process(AbstractProcessorLight.java:66) [tomcat-embed-core-9.0.16.jar:9.0.16]
	at org.apache.coyote.AbstractProtocol$ConnectionHandler.process(AbstractProtocol.java:834) [tomcat-embed-core-9.0.16.jar:9.0.16]
	at org.apache.tomcat.util.net.NioEndpoint$SocketProcessor.doRun(NioEndpoint.java:1415) [tomcat-embed-core-9.0.16.jar:9.0.16]
	at org.apache.tomcat.util.net.SocketProcessorBase.run(SocketProcessorBase.java:49) [tomcat-embed-core-9.0.16.jar:9.0.16]
	at java.util.concurrent.ThreadPoolExecutor.runWorker(ThreadPoolExecutor.java:1149) [na:1.8.0_201]
	at java.util.concurrent.ThreadPoolExecutor$Worker.run(ThreadPoolExecutor.java:624) [na:1.8.0_201]
	at org.apache.tomcat.util.threads.TaskThread$WrappingRunnable.run(TaskThread.java:61) [tomcat-embed-core-9.0.16.jar:9.0.16]
	at java.lang.Thread.run(Thread.java:748) [na:1.8.0_201]

2019-03-29 14:17:00.102  INFO 18040 --- [http-nio-11111-exec-10] .t.s.t.p.TransactionServiceProxyFactory2 : findByWhere is select method,no transaction
2019-03-29 14:17:00.103  INFO 18040 --- [http-nio-11111-exec-10] c.r.t.s.webapp.dao.AbstractDAOSupport    : [http-nio-11111-exec-10]获取SqlSession(com.alibaba.druid.proxy.jdbc.ConnectionProxyImpl@1a6cf771)用时:0
2019-03-29 14:17:00.107  INFO 18040 --- [http-nio-11111-exec-10] .t.s.t.p.TransactionServiceProxyFactory2 : org.apache.ibatis.session.defaults.DefaultSqlSession@381d02b5rollback...
2019-03-29 14:17:00.108 ERROR 18040 --- [http-nio-11111-exec-10] .t.s.t.p.TransactionServiceProxyFactory2 : java.lang.reflect.InvocationTargetException
2019-03-29 14:17:00.111 ERROR 18040 --- [http-nio-11111-exec-10] o.a.c.c.C.[.[.[.[dispatcherServlet]      : Servlet.service() for servlet [dispatcherServlet] in context with path [/titan-config] threw exception [Request processing failed; nested exception is java.lang.reflect.InvocationTargetException] with root cause

java.lang.IllegalArgumentException: Mapped Statements collection does not contain value for config.webapp.dao.CommonParamDAO.findByWhere
	at org.apache.ibatis.session.Configuration$StrictMap.get(Configuration.java:933) ~[mybatis-3.5.0.jar:3.5.0]
	at org.apache.ibatis.session.Configuration.getMappedStatement(Configuration.java:726) ~[mybatis-3.5.0.jar:3.5.0]
	at org.apache.ibatis.session.Configuration.getMappedStatement(Configuration.java:719) ~[mybatis-3.5.0.jar:3.5.0]
	at org.apache.ibatis.session.defaults.DefaultSqlSession.selectList(DefaultSqlSession.java:147) ~[mybatis-3.5.0.jar:3.5.0]
	at org.apache.ibatis.session.defaults.DefaultSqlSession.selectList(DefaultSqlSession.java:141) ~[mybatis-3.5.0.jar:3.5.0]
	at com.riozenc.titanTool.mybatis.persistence.PersistanceManager.find(PersistanceManager.java:81) ~[classes/:na]
	at config.webapp.dao.CommonParamDAO.findByWhere(CommonParamDAO.java:42) ~[classes/:na]
	at config.webapp.service.impl.CommonParamServiceImpl.findByWhere(CommonParamServiceImpl.java:44) ~[classes/:na]
	at config.webapp.service.impl.CommonParamServiceImpl.findByWhere(CommonParamServiceImpl.java:12) ~[classes/:na]
	at sun.reflect.NativeMethodAccessorImpl.invoke0(Native Method) ~[na:1.8.0_201]
	at sun.reflect.NativeMethodAccessorImpl.invoke(NativeMethodAccessorImpl.java:62) ~[na:1.8.0_201]
	at sun.reflect.DelegatingMethodAccessorImpl.invoke(DelegatingMethodAccessorImpl.java:43) ~[na:1.8.0_201]
	at java.lang.reflect.Method.invoke(Method.java:498) ~[na:1.8.0_201]
	at com.riozenc.titanTool.spring.transaction.proxy.TransactionServiceProxyFactory2.intercept(TransactionServiceProxyFactory2.java:79) ~[classes/:na]
	at config.webapp.service.impl.CommonParamServiceImpl$$EnhancerByCGLIB$$ce01552c.findByWhere(<generated>) ~[classes/:na]
	at config.webapp.action.ConfigAction.getCommonParam(ConfigAction.java:25) ~[classes/:na]
	at sun.reflect.NativeMethodAccessorImpl.invoke0(Native Method) ~[na:1.8.0_201]
	at sun.reflect.NativeMethodAccessorImpl.invoke(NativeMethodAccessorImpl.java:62) ~[na:1.8.0_201]
	at sun.reflect.DelegatingMethodAccessorImpl.invoke(DelegatingMethodAccessorImpl.java:43) ~[na:1.8.0_201]
	at java.lang.reflect.Method.invoke(Method.java:498) ~[na:1.8.0_201]
	at org.springframework.web.method.support.InvocableHandlerMethod.doInvoke(InvocableHandlerMethod.java:189) ~[spring-web-5.1.5.RELEASE.jar:5.1.5.RELEASE]
	at org.springframework.web.method.support.InvocableHandlerMethod.invokeForRequest(InvocableHandlerMethod.java:138) ~[spring-web-5.1.5.RELEASE.jar:5.1.5.RELEASE]
	at org.springframework.web.servlet.mvc.method.annotation.ServletInvocableHandlerMethod.invokeAndHandle(ServletInvocableHandlerMethod.java:102) ~[spring-webmvc-5.1.5.RELEASE.jar:5.1.5.RELEASE]
	at org.springframework.web.servlet.mvc.method.annotation.RequestMappingHandlerAdapter.invokeHandlerMethod(RequestMappingHandlerAdapter.java:895) ~[spring-webmvc-5.1.5.RELEASE.jar:5.1.5.RELEASE]
	at org.springframework.web.servlet.mvc.method.annotation.RequestMappingHandlerAdapter.handleInternal(RequestMappingHandlerAdapter.java:800) ~[spring-webmvc-5.1.5.RELEASE.jar:5.1.5.RELEASE]
	at org.springframework.web.servlet.mvc.method.AbstractHandlerMethodAdapter.handle(AbstractHandlerMethodAdapter.java:87) ~[spring-webmvc-5.1.5.RELEASE.jar:5.1.5.RELEASE]
	at org.springframework.web.servlet.DispatcherServlet.doDispatch(DispatcherServlet.java:1038) ~[spring-webmvc-5.1.5.RELEASE.jar:5.1.5.RELEASE]
	at org.springframework.web.servlet.DispatcherServlet.doService(DispatcherServlet.java:942) ~[spring-webmvc-5.1.5.RELEASE.jar:5.1.5.RELEASE]
	at org.springframework.web.servlet.FrameworkServlet.processRequest(FrameworkServlet.java:1005) ~[spring-webmvc-5.1.5.RELEASE.jar:5.1.5.RELEASE]
	at org.springframework.web.servlet.FrameworkServlet.doGet(FrameworkServlet.java:897) ~[spring-webmvc-5.1.5.RELEASE.jar:5.1.5.RELEASE]
	at javax.servlet.http.HttpServlet.service(HttpServlet.java:634) ~[tomcat-embed-core-9.0.16.jar:9.0.16]
	at org.springframework.web.servlet.FrameworkServlet.service(FrameworkServlet.java:882) ~[spring-webmvc-5.1.5.RELEASE.jar:5.1.5.RELEASE]
	at javax.servlet.http.HttpServlet.service(HttpServlet.java:741) ~[tomcat-embed-core-9.0.16.jar:9.0.16]
	at org.apache.catalina.core.ApplicationFilterChain.internalDoFilter(ApplicationFilterChain.java:231) ~[tomcat-embed-core-9.0.16.jar:9.0.16]
	at org.apache.catalina.core.ApplicationFilterChain.doFilter(ApplicationFilterChain.java:166) ~[tomcat-embed-core-9.0.16.jar:9.0.16]
	at org.apache.tomcat.websocket.server.WsFilter.doFilter(WsFilter.java:53) ~[tomcat-embed-websocket-9.0.16.jar:9.0.16]
	at org.apache.catalina.core.ApplicationFilterChain.internalDoFilter(ApplicationFilterChain.java:193) ~[tomcat-embed-core-9.0.16.jar:9.0.16]
	at org.apache.catalina.core.ApplicationFilterChain.doFilter(ApplicationFilterChain.java:166) ~[tomcat-embed-core-9.0.16.jar:9.0.16]
	at org.springframework.web.filter.RequestContextFilter.doFilterInternal(RequestContextFilter.java:99) ~[spring-web-5.1.5.RELEASE.jar:5.1.5.RELEASE]
	at org.springframework.web.filter.OncePerRequestFilter.doFilter(OncePerRequestFilter.java:107) ~[spring-web-5.1.5.RELEASE.jar:5.1.5.RELEASE]
	at org.apache.catalina.core.ApplicationFilterChain.internalDoFilter(ApplicationFilterChain.java:193) ~[tomcat-embed-core-9.0.16.jar:9.0.16]
	at org.apache.catalina.core.ApplicationFilterChain.doFilter(ApplicationFilterChain.java:166) ~[tomcat-embed-core-9.0.16.jar:9.0.16]
	at org.springframework.web.filter.FormContentFilter.doFilterInternal(FormContentFilter.java:92) ~[spring-web-5.1.5.RELEASE.jar:5.1.5.RELEASE]
	at org.springframework.web.filter.OncePerRequestFilter.doFilter(OncePerRequestFilter.java:107) ~[spring-web-5.1.5.RELEASE.jar:5.1.5.RELEASE]
	at org.apache.catalina.core.ApplicationFilterChain.internalDoFilter(ApplicationFilterChain.java:193) ~[tomcat-embed-core-9.0.16.jar:9.0.16]
	at org.apache.catalina.core.ApplicationFilterChain.doFilter(ApplicationFilterChain.java:166) ~[tomcat-embed-core-9.0.16.jar:9.0.16]
	at org.springframework.web.filter.HiddenHttpMethodFilter.doFilterInternal(HiddenHttpMethodFilter.java:93) ~[spring-web-5.1.5.RELEASE.jar:5.1.5.RELEASE]
	at org.springframework.web.filter.OncePerRequestFilter.doFilter(OncePerRequestFilter.java:107) ~[spring-web-5.1.5.RELEASE.jar:5.1.5.RELEASE]
	at org.apache.catalina.core.ApplicationFilterChain.internalDoFilter(ApplicationFilterChain.java:193) ~[tomcat-embed-core-9.0.16.jar:9.0.16]
	at org.apache.catalina.core.ApplicationFilterChain.doFilter(ApplicationFilterChain.java:166) ~[tomcat-embed-core-9.0.16.jar:9.0.16]
	at org.springframework.web.filter.CharacterEncodingFilter.doFilterInternal(CharacterEncodingFilter.java:200) ~[spring-web-5.1.5.RELEASE.jar:5.1.5.RELEASE]
	at org.springframework.web.filter.OncePerRequestFilter.doFilter(OncePerRequestFilter.java:107) ~[spring-web-5.1.5.RELEASE.jar:5.1.5.RELEASE]
	at org.apache.catalina.core.ApplicationFilterChain.internalDoFilter(ApplicationFilterChain.java:193) ~[tomcat-embed-core-9.0.16.jar:9.0.16]
	at org.apache.catalina.core.ApplicationFilterChain.doFilter(ApplicationFilterChain.java:166) ~[tomcat-embed-core-9.0.16.jar:9.0.16]
	at org.apache.catalina.core.StandardWrapperValve.invoke(StandardWrapperValve.java:200) ~[tomcat-embed-core-9.0.16.jar:9.0.16]
	at org.apache.catalina.core.StandardContextValve.invoke(StandardContextValve.java:96) [tomcat-embed-core-9.0.16.jar:9.0.16]
	at org.apache.catalina.authenticator.AuthenticatorBase.invoke(AuthenticatorBase.java:490) [tomcat-embed-core-9.0.16.jar:9.0.16]
	at org.apache.catalina.core.StandardHostValve.invoke(StandardHostValve.java:139) [tomcat-embed-core-9.0.16.jar:9.0.16]
	at org.apache.catalina.valves.ErrorReportValve.invoke(ErrorReportValve.java:92) [tomcat-embed-core-9.0.16.jar:9.0.16]
	at org.apache.catalina.core.StandardEngineValve.invoke(StandardEngineValve.java:74) [tomcat-embed-core-9.0.16.jar:9.0.16]
	at org.apache.catalina.connector.CoyoteAdapter.service(CoyoteAdapter.java:343) [tomcat-embed-core-9.0.16.jar:9.0.16]
	at org.apache.coyote.http11.Http11Processor.service(Http11Processor.java:408) [tomcat-embed-core-9.0.16.jar:9.0.16]
	at org.apache.coyote.AbstractProcessorLight.process(AbstractProcessorLight.java:66) [tomcat-embed-core-9.0.16.jar:9.0.16]
	at org.apache.coyote.AbstractProtocol$ConnectionHandler.process(AbstractProtocol.java:834) [tomcat-embed-core-9.0.16.jar:9.0.16]
	at org.apache.tomcat.util.net.NioEndpoint$SocketProcessor.doRun(NioEndpoint.java:1415) [tomcat-embed-core-9.0.16.jar:9.0.16]
	at org.apache.tomcat.util.net.SocketProcessorBase.run(SocketProcessorBase.java:49) [tomcat-embed-core-9.0.16.jar:9.0.16]
	at java.util.concurrent.ThreadPoolExecutor.runWorker(ThreadPoolExecutor.java:1149) [na:1.8.0_201]
	at java.util.concurrent.ThreadPoolExecutor$Worker.run(ThreadPoolExecutor.java:624) [na:1.8.0_201]
	at org.apache.tomcat.util.threads.TaskThread$WrappingRunnable.run(TaskThread.java:61) [tomcat-embed-core-9.0.16.jar:9.0.16]
	at java.lang.Thread.run(Thread.java:748) [na:1.8.0_201]

2019-03-29 14:17:40.019  INFO 18040 --- [AsyncResolver-bootstrap-executor-0] c.n.d.s.r.aws.ConfigClusterResolver      : Resolving eureka endpoints via configuration
2019-03-29 14:23:09.166  INFO 8984 --- [main] trationDelegate$BeanPostProcessorChecker : Bean 'org.springframework.cloud.autoconfigure.ConfigurationPropertiesRebinderAutoConfiguration' of type [org.springframework.cloud.autoconfigure.ConfigurationPropertiesRebinderAutoConfiguration$$EnhancerBySpringCGLIB$$3f035a3] is not eligible for getting processed by all BeanPostProcessors (for example: not eligible for auto-proxying)
2019-03-29 14:23:09.675  INFO 8984 --- [main] config.ConfigApplication                 : No active profile set, falling back to default profiles: default
2019-03-29 14:23:10.417  INFO 8984 --- [main] .t.r.TransactionDAORegistryPostProcessor : registry interface com.riozenc.titanTool.annotation.TransactionDAO
2019-03-29 14:23:10.428  INFO 8984 --- [main] .TransactionServiceRegistryPostProcessor : registry interface com.riozenc.titanTool.annotation.TransactionService
2019-03-29 14:23:10.431  INFO 8984 --- [main] o.s.c.a.ConfigurationClassPostProcessor  : Cannot enhance @Configuration bean definition 'transactionDAOSupport' since its singleton instance has been created too early. The typical cause is a non-static @Bean method with a BeanDefinitionRegistryPostProcessor return type: Consider declaring such methods as 'static'.
2019-03-29 14:23:10.431  INFO 8984 --- [main] o.s.c.a.ConfigurationClassPostProcessor  : Cannot enhance @Configuration bean definition 'transactionServiceSupport' since its singleton instance has been created too early. The typical cause is a non-static @Bean method with a BeanDefinitionRegistryPostProcessor return type: Consider declaring such methods as 'static'.
2019-03-29 14:23:10.606  INFO 8984 --- [main] o.s.cloud.context.scope.GenericScope     : BeanFactory id=d9ba98af-f8fa-3de1-ad23-abed9b2c27a2
2019-03-29 14:23:10.737  INFO 8984 --- [main] trationDelegate$BeanPostProcessorChecker : Bean 'org.springframework.cloud.autoconfigure.ConfigurationPropertiesRebinderAutoConfiguration' of type [org.springframework.cloud.autoconfigure.ConfigurationPropertiesRebinderAutoConfiguration$$EnhancerBySpringCGLIB$$3f035a3] is not eligible for getting processed by all BeanPostProcessors (for example: not eligible for auto-proxying)
2019-03-29 14:23:11.415  INFO 8984 --- [main] o.s.b.w.embedded.tomcat.TomcatWebServer  : Tomcat initialized with port(s): 11111 (http)
2019-03-29 14:23:11.459  INFO 8984 --- [main] o.apache.catalina.core.StandardService   : Starting service [Tomcat]
2019-03-29 14:23:11.459  INFO 8984 --- [main] org.apache.catalina.core.StandardEngine  : Starting Servlet engine: [Apache Tomcat/9.0.16]
2019-03-29 14:23:11.479  INFO 8984 --- [main] o.a.catalina.core.AprLifecycleListener   : The APR based Apache Tomcat Native library which allows optimal performance in production environments was not found on the java.library.path: [C:\Program Files\Java\jdk1.8.0_201\bin;C:\WINDOWS\Sun\Java\bin;C:\WINDOWS\system32;C:\WINDOWS;C:/Program Files/Java/jre1.8.0_201/bin/server;C:/Program Files/Java/jre1.8.0_201/bin;C:/Program Files/Java/jre1.8.0_201/lib/amd64;C:\Program Files (x86)\Common Files\Oracle\Java\javapath;C:\WINDOWS\system32;C:\WINDOWS;C:\WINDOWS\System32\Wbem;C:\WINDOWS\System32\WindowsPowerShell\v1.0\;C:\WINDOWS\System32\OpenSSH\;C:\Users\czy\AppData\Local\Microsoft\WindowsApps;;C:\Users\czy\Desktop;;.]
2019-03-29 14:23:11.768  INFO 8984 --- [main] o.a.c.c.C.[.[localhost].[/titan-config]  : Initializing Spring embedded WebApplicationContext
2019-03-29 14:23:11.769  INFO 8984 --- [main] o.s.web.context.ContextLoader            : Root WebApplicationContext: initialization completed in 2079 ms
2019-03-29 14:23:12.704  INFO 8984 --- [main] com.alibaba.druid.pool.DruidDataSource   : {dataSource-1} inited
2019-03-29 14:23:12.712  INFO 8984 --- [main] c.r.t.d.pool.DataSourcePoolFactory       : master 数据库创建成功...
2019-03-29 14:23:12.729  INFO 8984 --- [main] c.n.c.sources.URLConfigurationSource     : URLs to be used as dynamic configuration source: [file:/C:/Users/czy/git/titan/config/target/classes/config.properties]
2019-03-29 14:23:12.745  INFO 8984 --- [main] c.n.c.sources.URLConfigurationSource     : URLs to be used as dynamic configuration source: [file:/C:/Users/czy/git/titan/config/target/classes/config.properties]
2019-03-29 14:23:13.285  INFO 8984 --- [main] o.s.s.concurrent.ThreadPoolTaskExecutor  : Initializing ExecutorService 'applicationTaskExecutor'
2019-03-29 14:23:15.370  INFO 8984 --- [main] o.s.c.n.eureka.InstanceInfoFactory       : Setting initial instance status as: STARTING
2019-03-29 14:23:15.419  INFO 8984 --- [main] com.netflix.discovery.DiscoveryClient    : Initializing Eureka in region us-east-1
2019-03-29 14:23:15.913  INFO 8984 --- [main] c.n.d.provider.DiscoveryJerseyProvider   : Using JSON encoding codec LegacyJacksonJson
2019-03-29 14:23:15.913  INFO 8984 --- [main] c.n.d.provider.DiscoveryJerseyProvider   : Using JSON decoding codec LegacyJacksonJson
2019-03-29 14:23:16.228  INFO 8984 --- [main] c.n.d.provider.DiscoveryJerseyProvider   : Using XML encoding codec XStreamXml
2019-03-29 14:23:16.229  INFO 8984 --- [main] c.n.d.provider.DiscoveryJerseyProvider   : Using XML decoding codec XStreamXml
2019-03-29 14:23:16.763  INFO 8984 --- [main] c.n.d.s.r.aws.ConfigClusterResolver      : Resolving eureka endpoints via configuration
2019-03-29 14:23:17.008  INFO 8984 --- [main] com.netflix.discovery.DiscoveryClient    : Disable delta property : false
2019-03-29 14:23:17.008  INFO 8984 --- [main] com.netflix.discovery.DiscoveryClient    : Single vip registry refresh property : null
2019-03-29 14:23:17.008  INFO 8984 --- [main] com.netflix.discovery.DiscoveryClient    : Force full registry fetch : false
2019-03-29 14:23:17.009  INFO 8984 --- [main] com.netflix.discovery.DiscoveryClient    : Application is null : false
2019-03-29 14:23:17.009  INFO 8984 --- [main] com.netflix.discovery.DiscoveryClient    : Registered Applications size is zero : true
2019-03-29 14:23:17.009  INFO 8984 --- [main] com.netflix.discovery.DiscoveryClient    : Application version is -1: true
2019-03-29 14:23:17.009  INFO 8984 --- [main] com.netflix.discovery.DiscoveryClient    : Getting all instance registry info from the eureka server
2019-03-29 14:23:17.409  INFO 8984 --- [main] com.netflix.discovery.DiscoveryClient    : The response status is 200
2019-03-29 14:23:17.413  INFO 8984 --- [main] com.netflix.discovery.DiscoveryClient    : Starting heartbeat executor: renew interval is: 30
2019-03-29 14:23:17.416  INFO 8984 --- [main] c.n.discovery.InstanceInfoReplicator     : InstanceInfoReplicator onDemand update allowed rate per min is 4
2019-03-29 14:23:17.420  INFO 8984 --- [main] com.netflix.discovery.DiscoveryClient    : Discovery Client initialized at timestamp 1553840597419 with initial instances count: 6
2019-03-29 14:23:17.422  INFO 8984 --- [main] o.s.c.n.e.s.EurekaServiceRegistry        : Registering application CONFIG with eureka with status UP
2019-03-29 14:23:17.422  INFO 8984 --- [main] com.netflix.discovery.DiscoveryClient    : Saw local status change event StatusChangeEvent [timestamp=1553840597422, current=UP, previous=STARTING]
2019-03-29 14:23:17.427  INFO 8984 --- [DiscoveryClient-InstanceInfoReplicator-0] com.netflix.discovery.DiscoveryClient    : DiscoveryClient_CONFIG/DESKTOP-9LNOG4H:config:11111: registering service...
2019-03-29 14:23:17.496  INFO 8984 --- [main] o.s.b.w.embedded.tomcat.TomcatWebServer  : Tomcat started on port(s): 11111 (http) with context path '/titan-config'
2019-03-29 14:23:17.499  INFO 8984 --- [DiscoveryClient-InstanceInfoReplicator-0] com.netflix.discovery.DiscoveryClient    : DiscoveryClient_CONFIG/DESKTOP-9LNOG4H:config:11111 - registration status: 204
2019-03-29 14:23:17.504  INFO 8984 --- [main] .s.c.n.e.s.EurekaAutoServiceRegistration : Updating port to 11111
2019-03-29 14:23:17.507  INFO 8984 --- [main] config.ConfigApplication                 : Started ConfigApplication in 9.901 seconds (JVM running for 10.543)
2019-03-29 14:23:33.439  INFO 8984 --- [http-nio-11111-exec-1] o.a.c.c.C.[.[localhost].[/titan-config]  : Initializing Spring DispatcherServlet 'dispatcherServlet'
2019-03-29 14:23:33.439  INFO 8984 --- [http-nio-11111-exec-1] o.s.web.servlet.DispatcherServlet        : Initializing Servlet 'dispatcherServlet'
2019-03-29 14:23:33.453  INFO 8984 --- [http-nio-11111-exec-1] o.s.web.servlet.DispatcherServlet        : Completed initialization in 14 ms
2019-03-29 14:23:33.530  INFO 8984 --- [http-nio-11111-exec-1] .t.s.t.p.TransactionServiceProxyFactory2 : findByWhere is select method,no transaction
2019-03-29 14:23:33.536  INFO 8984 --- [http-nio-11111-exec-1] c.r.t.s.webapp.dao.AbstractDAOSupport    : [http-nio-11111-exec-1]获取SqlSession(com.alibaba.druid.proxy.jdbc.ConnectionProxyImpl@2ec3633f)用时:0
2019-03-29 14:25:16.023  INFO 8984 --- [http-nio-11111-exec-6] .t.s.t.p.TransactionServiceProxyFactory2 : findByWhere is select method,no transaction
2019-03-29 14:25:16.029  INFO 8984 --- [http-nio-11111-exec-6] c.r.t.s.webapp.dao.AbstractDAOSupport    : [http-nio-11111-exec-6]获取SqlSession(com.alibaba.druid.proxy.jdbc.ConnectionProxyImpl@2ec3633f)用时:0
2019-03-29 14:25:47.724  INFO 8984 --- [http-nio-11111-exec-5] .t.s.t.p.TransactionServiceProxyFactory2 : findByWhere is select method,no transaction
2019-03-29 14:25:47.725  INFO 8984 --- [http-nio-11111-exec-5] c.r.t.s.webapp.dao.AbstractDAOSupport    : [http-nio-11111-exec-5]获取SqlSession(com.alibaba.druid.proxy.jdbc.ConnectionProxyImpl@2ec3633f)用时:0
